proguard/seeds.txt
com.chuanonly.livewallpaper.service.GLWallpaperService
com.chuanonly.livewallpaper.service.GLWallpaperService: GLWallpaperService()
com.chuanonly.livewallpaper.service.WallpaperService
com.chuanonly.livewallpaper.service.WallpaperService: WallpaperService()
com.chuanonly.livewallpaper.service.WallpaperSettings
com.chuanonly.livewallpaper.view.GalleryScrollView
com.chuanonly.livewallpaper.view.GalleryScrollView: GalleryScrollView(android.content.Context)
com.chuanonly.livewallpaper.view.GalleryScrollView: GalleryScrollView(android.content.Context,android.util.AttributeSet)
com.chuanonly.livewallpaper.view.GalleryScrollView: void setBannerOnStopScrollListener(com.chuanonly.livewallpaper.view.GalleryScrollView$OnBannerStopScroll)
com.chuanonly.livewallpaper.view.WallPaperGLsurfaceView
com.chuanonly.livewallpaper.view.WallPaperGLsurfaceView: WallPaperGLsurfaceView(android.content.Context)
com.chuanonly.livewallpaper.view.WallPaperGLsurfaceView: void setDirty(int)
...
com.amap.api.location.AMapLocation
com.amap.api.location.AMapLocationListener
com.amap.api.location.LocationManagerProxy
com.amap.api.location.LocationManagerProxy$a
com.amap.api.location.LocationProviderProxy
com.amap.api.location.a
com.amap.api.location.a$a
com.amap.api.location.b
com.amap.api.location.c
com.amap.api.location.core.CoordinateConvert
com.amap.api.location.core.GeoPoint
com.amap.api.location.core.GeoPoint: android.os.Parcelable$Creator CREATOR
com.amap.api.location.core.a
com.amap.api.location.core.b
com.amap.api.location.core.c
com.amap.api.location.core.d
com.amap.api.location.core.e
com.amap.api.location.d
com.amap.api.location.e
com.amap.api.location.f
com.aps.a
com.aps.a$1
com.aps.a$a
com.aps.aa
com.aps.ab
com.aps.ac
com.aps.ad
com.aps.ae
com.aps.af
com.aps.ag
com.aps.ah
com.aps.ai
com.aps.aj
com.aps.ak
com.aps.al
com.aps.am
com.aps.an
com.aps.ao
com.aps.ap
com.aps.aq
com.aps.ar
com.aps.as
com.aps.at
com.aps.au
com.aps.av
com.aps.aw
com.aps.ax
com.aps.ay
com.aps.b
com.aps.c
com.aps.d
com.aps.d$a
com.aps.e
com.aps.f
com.aps.g
com.aps.h
com.aps.i
com.aps.j
com.aps.k
com.aps.k$1
com.aps.k$a
com.aps.k$b
com.aps.l
com.aps.m
com.aps.n
com.aps.o
com.aps.p
com.aps.q
com.aps.r
com.aps.s
com.aps.t
com.aps.u
com.aps.v
com.aps.w
com.aps.x
com.aps.y
com.aps.z
com.google.ads.AdRequest
com.google.ads.AdRequest$ErrorCode
com.google.ads.AdRequest$ErrorCode: com.google.ads.AdRequest$ErrorCode[] values()
com.google.ads.AdRequest$ErrorCode: com.google.ads.AdRequest$ErrorCode valueOf(java.lang.String)
com.google.ads.AdRequest$Gender
com.google.ads.AdRequest$Gender: com.google.ads.AdRequest$Gender[] values()
com.google.ads.AdRequest$Gender: com.google.ads.AdRequest$Gender valueOf(java.lang.String)
com.google.ads.AdSize
com.google.ads.mediation.EmptyNetworkExtras
com.google.ads.mediation.MediationAdRequest
com.google.ads.mediation.MediationAdapter
com.google.ads.mediation.MediationBannerAdapter
com.google.ads.mediation.MediationBannerListener
com.google.ads.mediation.MediationInterstitialAdapter
com.google.ads.mediation.MediationInterstitialListener
com.google.ads.mediation.MediationServerParameters
com.google.ads.mediation.MediationServerParameters$MappingException
com.google.ads.mediation.MediationServerParameters$Parameter
com.google.ads.mediation.NetworkExtras
com.google.ads.mediation.admob.AdMobAdapter
com.google.ads.mediation.admob.AdMobAdapter$a
com.google.ads.mediation.admob.AdMobAdapter$b
com.google.ads.mediation.customevent.CustomEvent
com.google.ads.mediation.customevent.CustomEventAdapter
com.google.ads.mediation.customevent.CustomEventAdapter$a
com.google.ads.mediation.customevent.CustomEventAdapter$b
com.google.ads.mediation.customevent.CustomEventBanner
com.google.ads.mediation.customevent.CustomEventBannerListener
com.google.ads.mediation.customevent.CustomEventInterstitial
com.google.ads.mediation.customevent.CustomEventInterstitialListener
com.google.ads.mediation.customevent.CustomEventListener
com.google.ads.mediation.customevent.CustomEventServerParameters
com.google.android.gms.ads.AdActivity
com.google.android.gms.ads.AdActivity: AdActivity()
com.google.android.gms.ads.AdView
com.google.android.gms.ads.AdView: AdView(android.content.Context)
com.google.android.gms.ads.AdView: AdView(android.content.Context,android.util.AttributeSet)
com.google.android.gms.ads.AdView: AdView(android.content.Context,android.util.AttributeSet,int)
com.google.android.gms.ads.AdView: void setAdListener(com.google.android.gms.ads.AdListener)
com.google.android.gms.ads.AdView: void setAdSize(com.google.android.gms.ads.AdSize)
com.google.android.gms.ads.AdView: void setAdUnitId(java.lang.String)
com.google.android.gms.ads.AdView: void setInAppPurchaseListener(com.google.android.gms.ads.purchase.InAppPurchaseListener)