proguard/mapping.txt
com.chuanonly.livewallpaper.scenes.GLRain -> a:
    java.util.ArrayList heightList -> a
    java.util.ArrayList widthList -> b
    java.util.ArrayList particleList -> c
    int type -> d
    37:290:void init(int) -> a
    294:316:int[] getRandXY() -> a
com.chuanonly.livewallpaper.scenes.GLShowerRain -> b:
    java.util.ArrayList heightList -> a
    java.util.ArrayList widthList -> b
    java.util.ArrayList particleList -> c
    int ON_FRAME -> d
    int OFF_FRAME -> e
    int frameCnt -> f
    int[] tmp -> g
    boolean isON -> h
    int LINE -> i
    int leftNum -> j
    java.util.Random random -> k
    40:167:void init() -> b
    172:193:int[] getRandXY() -> a
    319:323:void resetLiveOfPartilce(int) -> a
    334:339:int getRandomInt(int) -> b
com.chuanonly.livewallpaper.scenes.GLShowerSnow -> c:
    java.util.ArrayList heightList -> a
    java.util.ArrayList widthList -> b
    java.util.ArrayList angleList -> c
    java.util.ArrayList particleList -> d
    33:201:void init() -> c
    205:227:int[] getRandXY() -> a
    231:241:int getRandAngle() -> b
com.chuanonly.livewallpaper.scenes.GLSnowScene -> d:
    java.util.ArrayList snowFlakeAngleArray -> c
    java.util.ArrayList snowPosxArray -> d
    java.util.ArrayList snowPosyArray -> e
    java.util.ArrayList GLSnowFallList -> f
    int SNOW_LIGHT -> a
    int myMode -> b
    36:368:void init(int) -> a
    372:380:int getRandomAngle() -> a
    385:393:int getRandomPosX() -> b
    398:406:int getRandomPosY() -> c
com.chuanonly.livewallpaper.scenes.GLSunny -> e:
    java.util.ArrayList particleList -> a
    34:117:void init() -> a
com.chuanonly.livewallpaper.scenes.GLSunnyNight -> f:
    java.util.ArrayList starList -> a
    java.util.ArrayList metorList -> b
    36:174:void init() -> a
com.chuanonly.livewallpaper.scenes.GLThunder -> g:
    com.chuanonly.livewallpaper.scenes.GLRain rainScen -> a
    java.util.ArrayList particleList -> b
    float whiteBgAlpha -> c
    com.chuanonly.livewallpaper.model.Particle whiteBg -> d
    41:92:void init() -> a
com.chuanonly.livewallpaper.service.GLWallpaperService -> com.chuanonly.livewallpaper.service.GLWallpaperService:
    boolean isCanLog -> a
com.chuanonly.livewallpaper.service.GLWallpaperService$GLSurfaceViewEngine -> h:
    int mRenderMode -> b
    boolean mVisble -> c
    com.chuanonly.livewallpaper.service.GLWallpaperService$GLSurfaceViewEngine$WallpaperGLSurfaceView glSurfaceView -> d
    boolean rendererHasBeenSet -> e
    com.chuanonly.livewallpaper.service.GLWallpaperService this$0 -> a
    88:91:void onCreate(android.view.SurfaceHolder) -> onCreate
    97:107:void onVisibilityChanged(boolean) -> onVisibilityChanged
    113:117:void onDestroy() -> onDestroy
    123:125:void setRenderer(android.opengl.GLSurfaceView$Renderer) -> a
    131:133:void setEGLContextClientVersion(int) -> a
    136:138:void setRenderMode(int) -> b
    141:141:int getRenderMode() -> a
    145:146:void requestRender() -> b
com.chuanonly.livewallpaper.service.GLWallpaperService$GLSurfaceViewEngine$WallpaperGLSurfaceView -> i:
    com.chuanonly.livewallpaper.service.GLWallpaperService$GLSurfaceViewEngine this$1 -> a
    48:48:android.view.SurfaceHolder getHolder() -> getHolder
    55:56:void onDestroy() -> a
    61:62:void surfaceCreated(android.view.SurfaceHolder) -> surfaceCreated
    67:68:void surfaceChanged(android.view.SurfaceHolder,int,int,int) -> surfaceChanged
    73:74:void surfaceDestroyed(android.view.SurfaceHolder) -> surfaceDestroyed
...
com.google.android.gms.wallet.fragment.WalletFragment$a -> lS:
    com.google.android.gms.wallet.fragment.WalletFragment$OnStateChangedListener acL -> a
    com.google.android.gms.wallet.fragment.WalletFragment acM -> b
    void a(int,int,android.os.Bundle) -> a
com.google.android.gms.wallet.fragment.WalletFragment$b -> lT:
    com.google.android.gms.internal.iz acF -> a
    void initialize(com.google.android.gms.wallet.fragment.WalletFragmentInitParams) -> a
    void setEnabled(boolean) -> a
    void updateMaskedWalletRequest(com.google.android.gms.wallet.MaskedWalletRequest) -> a
    void onInflate(android.app.Activity,android.os.Bundle,android.os.Bundle) -> a
    void onCreate(android.os.Bundle) -> a
    android.view.View onCreateView(android.view.LayoutInflater,android.view.ViewGroup,android.os.Bundle) -> a
    void onStart() -> a
    void onResume() -> b
    void onPause() -> c
    void onStop() -> d
    void onDestroyView() -> e
    void onDestroy() -> f
    void onLowMemory() -> g
    void onSaveInstanceState(android.os.Bundle) -> b
    void onActivityResult(int,int,android.content.Intent) -> a
    void a(com.google.android.gms.wallet.fragment.WalletFragment$b,com.google.android.gms.wallet.fragment.WalletFragmentInitParams) -> a
    void a(com.google.android.gms.wallet.fragment.WalletFragment$b,com.google.android.gms.wallet.MaskedWalletRequest) -> a
    void a(com.google.android.gms.wallet.fragment.WalletFragment$b,boolean) -> a
    void a(com.google.android.gms.wallet.fragment.WalletFragment$b,int,int,android.content.Intent) -> a
com.google.android.gms.wallet.fragment.WalletFragment$c -> lU:
    com.google.android.gms.wallet.fragment.WalletFragment acN -> a
    void a(com.google.android.gms.dynamic.f) -> a
    void a(android.widget.FrameLayout) -> a
    void onClick(android.view.View) -> onClick
com.google.android.gms.wallet.fragment.WalletFragmentInitParams -> lV:
    android.os.Parcelable$Creator CREATOR -> CREATOR
    int xH -> a
    java.lang.String wG -> b
    com.google.android.gms.wallet.MaskedWalletRequest acB -> c
    int acO -> d
    com.google.android.gms.wallet.MaskedWallet acP -> e
    java.lang.String getAccountName() -> a
    com.google.android.gms.wallet.MaskedWalletRequest getMaskedWalletRequest() -> b
    int getMaskedWalletRequestCode() -> c
    com.google.android.gms.wallet.MaskedWallet getMaskedWallet() -> d
    int describeContents() -> describeContents
    void writeToParcel(android.os.Parcel,int) -> writeToParcel
com.google.android.gms.wallet.fragment.WalletFragmentOptions -> lW:
    android.os.Parcelable$Creator CREATOR -> CREATOR
    int xH -> a
    int acq -> b
    int mTheme -> c
    com.google.android.gms.wallet.fragment.WalletFragmentStyle acR -> d
    int Ev -> e
    int getEnvironment() -> a
    int getTheme() -> b
    com.google.android.gms.wallet.fragment.WalletFragmentStyle getFragmentStyle() -> c
    int getMode() -> d
    int describeContents() -> describeContents
    void writeToParcel(android.os.Parcel,int) -> writeToParcel
    void I(android.content.Context) -> a
    com.google.android.gms.wallet.fragment.WalletFragmentOptions a(android.content.Context,android.util.AttributeSet) -> a
com.google.android.gms.wallet.fragment.WalletFragmentStyle -> lX:
    android.os.Parcelable$Creator CREATOR -> CREATOR
    int xH -> a
    android.os.Bundle acT -> b
    int acU -> c
    com.google.android.gms.wallet.fragment.WalletFragmentStyle setStyleResourceId(int) -> a
    int a(java.lang.String,android.util.DisplayMetrics,int) -> a
    void I(android.content.Context) -> a
    void a(android.content.res.TypedArray,int,java.lang.String) -> a
    void b(android.content.res.TypedArray,int,java.lang.String) -> b
    void a(android.content.res.TypedArray,int,java.lang.String,java.lang.String) -> a
    int describeContents() -> describeContents
    void writeToParcel(android.os.Parcel,int) -> writeToParcel