proguard/usage.txt
com.chuanonly.livewallpaper.scenes.GLRain:
    321:350:public int loadGLTexture(javax.microedition.khronos.opengles.GL10)
    354:402:public void draw(javax.microedition.khronos.opengles.GL10)
    407:411:public varargs void setFloatValue(float[],float[])
    415:419:public java.lang.String getBackground()
com.chuanonly.livewallpaper.scenes.GLSandstormScene
com.chuanonly.livewallpaper.scenes.GLShowerRain:
    199:228:public int loadGLTexture(javax.microedition.khronos.opengles.GL10)
    233:314:public void draw(javax.microedition.khronos.opengles.GL10)
    326:330:public varargs void setFloatValue(float[],float[])
    343:343:public java.lang.String getBackground()
com.chuanonly.livewallpaper.scenes.GLShowerSnow:
    248:277:public int loadGLTexture(javax.microedition.khronos.opengles.GL10)
    281:329:public void draw(javax.microedition.khronos.opengles.GL10)
    334:338:public varargs void setFloatValue(float[],float[])
    342:342:public java.lang.String getBackground()
com.chuanonly.livewallpaper.scenes.GLSnowScene:
    412:441:public int loadGLTexture(javax.microedition.khronos.opengles.GL10)
    445:493:public void draw(javax.microedition.khronos.opengles.GL10)
    498:502:public varargs void setFloatValue(float[],float[])
    506:506:public java.lang.String getBackground()
com.chuanonly.livewallpaper.scenes.GLSunny:
    122:153:public int loadGLTexture(javax.microedition.khronos.opengles.GL10)
    157:191:public void draw(javax.microedition.khronos.opengles.GL10)
    196:212:public int initTexture(int,int)
    216:216:public java.lang.String getBackground()
com.chuanonly.livewallpaper.scenes.GLSunnyNight:
    178:216:public int loadGLTexture(javax.microedition.khronos.opengles.GL10)
    220:290:public void draw(javax.microedition.khronos.opengles.GL10)
    297:297:public java.lang.String getBackground()
com.chuanonly.livewallpaper.scenes.GLThunder:
    96:128:public int loadGLTexture(javax.microedition.khronos.opengles.GL10)
    133:180:public void draw(javax.microedition.khronos.opengles.GL10)
    184:184:public java.lang.String getBackground()
com.chuanonly.livewallpaper.service.GLWallpaperService:
    private static final java.lang.String TAG
com.chuanonly.livewallpaper.service.GLWallpaperService$GLSurfaceViewEngine:
    public static final int RENDERMODE_WHEN_DIRTY
    public static final int RENDERMODE_CONTINUOUSLY
    private static final java.lang.String TAG
com.chuanonly.livewallpaper.service.GLWallpaperService$GLSurfaceViewEngine$WallpaperGLSurfaceView:
    private static final java.lang.String TAG
com.chuanonly.livewallpaper.service.GLWallpaperService$OpenGLEngine
com.chuanonly.livewallpaper.service.WallPaperRender:
    private android.opengl.GLSurfaceView mSurfaceView
    227:227:public com.chuanonly.livewallpaper.scenes.Background getbBackground()
    320:320:public android.opengl.GLSurfaceView getSurfaceView()
    324:325:public void setSurfaceView(android.opengl.GLSurfaceView)
com.chuanonly.livewallpaper.service.WallpaperService:
    public static final java.lang.String ACTION_CHANGE_BROCAST
    public static final java.lang.String ACTION_PAUSE_BROCAST
    public static final int RATE
com.chuanonly.livewallpaper.task.LocateHandler
com.chuanonly.livewallpaper.task.LocateHandler$1
com.chuanonly.livewallpaper.task.LocateHandler$1$1
com.chuanonly.livewallpaper.task.LocateHandler$2
...
com.google.android.gms.internal.hv$a
com.google.android.gms.internal.hv$a$a
com.google.android.gms.internal.hw
com.google.android.gms.internal.hw$1
com.google.android.gms.internal.hw$2
com.google.android.gms.internal.hw$a
com.google.android.gms.internal.hw$a$1
com.google.android.gms.internal.hx
com.google.android.gms.internal.hx$a
com.google.android.gms.internal.hx$b
com.google.android.gms.internal.hx$c
com.google.android.gms.internal.hy
com.google.android.gms.internal.hy$1
com.google.android.gms.internal.hy$a
com.google.android.gms.internal.hz
com.google.android.gms.internal.ia
com.google.android.gms.internal.ia$1
com.google.android.gms.internal.ia$2
com.google.android.gms.internal.ia$3
com.google.android.gms.internal.ia$4
com.google.android.gms.internal.ia$a
com.google.android.gms.internal.ia$a$1
com.google.android.gms.internal.ia$b
com.google.android.gms.internal.ia$c
com.google.android.gms.internal.ib
com.google.android.gms.internal.ib$1
com.google.android.gms.internal.ib$2
com.google.android.gms.internal.ib$3
com.google.android.gms.internal.ib$4
com.google.android.gms.internal.ib$5
com.google.android.gms.internal.ib$a
com.google.android.gms.internal.ib$a$1
com.google.android.gms.internal.ic
com.google.android.gms.internal.id
com.google.android.gms.internal.ie
com.google.android.gms.internal.if
com.google.android.gms.internal.ig
com.google.android.gms.internal.ih
com.google.android.gms.internal.ih$a
com.google.android.gms.internal.ih$b
com.google.android.gms.internal.ih$b$a
com.google.android.gms.internal.ih$b$b
com.google.android.gms.internal.ih$c
com.google.android.gms.internal.ih$d
com.google.android.gms.internal.ih$e
com.google.android.gms.internal.ih$f
com.google.android.gms.internal.ih$g
com.google.android.gms.internal.ih$h
com.google.android.gms.internal.ii
com.google.android.gms.internal.ij
com.google.android.gms.internal.ik
com.google.android.gms.internal.il
com.google.android.gms.internal.im
com.google.android.gms.internal.in
com.google.android.gms.internal.io
com.google.android.gms.internal.ip
com.google.android.gms.internal.iq
com.google.android.gms.internal.ir
com.google.android.gms.internal.is
com.google.android.gms.internal.it
com.google.android.gms.internal.it$a
com.google.android.gms.internal.iu
com.google.android.gms.internal.iv
com.google.android.gms.internal.iw
com.google.android.gms.internal.ix
com.google.android.gms.internal.iy
com.google.android.gms.internal.jb
com.google.android.gms.internal.jb$a
com.google.android.gms.internal.jb$a$a
com.google.android.gms.internal.jd
com.google.android.gms.internal.jd$a
com.google.android.gms.internal.jd$a$a
com.google.android.gms.internal.je
com.google.android.gms.internal.je$a
com.google.android.gms.internal.je$a$a
com.google.android.gms.internal.jf
com.google.android.gms.internal.jf$1
com.google.android.gms.internal.jf$2
com.google.android.gms.internal.jf$3
com.google.android.gms.internal.jf$4
com.google.android.gms.internal.jf$5
com.google.android.gms.internal.jg
com.google.android.gms.internal.jg$1
com.google.android.gms.internal.jg$a
com.google.android.gms.internal.jg$b
com.google.android.gms.internal.ji
com.google.android.gms.internal.jj
com.google.android.gms.internal.ka
com.google.android.gms.internal.kb
com.google.android.gms.internal.kc
com.google.android.gms.internal.kd
com.google.android.gms.internal.ke
com.google.android.gms.internal.kf
com.google.android.gms.internal.kg
com.google.android.gms.internal.kh
com.google.android.gms.internal.kh$a
com.google.android.gms.internal.ki
com.google.android.gms.internal.kj
com.google.android.gms.internal.kk
com.google.android.gms.internal.kl
com.google.android.gms.internal.kn